# JRE version: Java(TM) SE Runtime Environment (8.0_92-b14) (build 1.8.0_92-b14)
# Java VM: Java HotSpot(TM) Client VM (25.92-b14 mixed mode windows-x86 )
Heap:
 def new generation   total 314560K, used 279616K [0x03600000, 0x18b50000, 0x18b50000)
  eden space 279616K, 100% used [0x03600000, 0x14710000, 0x14710000)
  from space 34944K,   0% used [0x16930000, 0x16930000, 0x18b50000)
  to   space 34944K,  35% used [0x14710000, 0x15350010, 0x16930000)
 tenured generation   total 699072K, used 428869K [0x18b50000, 0x43600000, 0x43600000)
   the space 699072K,  61% used [0x18b50000, 0x32e21558, 0x32e21600, 0x43600000)
 Metaspace       used 3750K, capacity 3758K, committed 3776K, reserved 4480K
GC Heap History (10 events):
Event: 135.761 GC heap after
Heap after GC invocations=105 (full 12):
 def new generation   total 314560K, used 0K [0x03600000, 0x18b50000, 0x18b50000)
  eden space 279616K,   0% used [0x03600000, 0x03600000, 0x14710000)
  from space 34944K,   0% used [0x16930000, 0x16930000, 0x18b50000)
  to   space 34944K,   0% used [0x14710000, 0x14710000, 0x16930000)
 tenured generation   total 699072K, used 635824K [0x18b50000, 0x43600000, 0x43600000)
   the space 699072K,  90% used [0x18b50000, 0x3f83c040, 0x3f83c200, 0x43600000)
 Metaspace       used 3478K, capacity 3494K, committed 3520K, reserved 4480K
}
Event: 144.455 GC heap before
{Heap before GC invocations=105 (full 12):
 def new generation   total 314560K, used 279616K [0x03600000, 0x18b50000, 0x18b50000)
  eden space 279616K, 100% used [0x03600000, 0x14710000, 0x14710000)
  from space 34944K,   0% used [0x16930000, 0x16930000, 0x18b50000)
  to   space 34944K,   0% used [0x14710000, 0x14710000, 0x16930000)
 tenured generation   total 699072K, used 635824K [0x18b50000, 0x43600000, 0x43600000)
   the space 699072K,  90% used [0x18b50000, 0x3f83c040, 0x3f83c200, 0x43600000)
 Metaspace       used 3478K, capacity 3494K, committed 3520K, reserved 4480K
Event: 147.020 GC heap after
Heap after GC invocations=106 (full 13):
 def new generation   total 314560K, used 0K [0x03600000, 0x18b50000, 0x18b50000)
  eden space 279616K,   0% used [0x03600000, 0x03600000, 0x14710000)
  from space 34944K,   0% used [0x16930000, 0x16930000, 0x18b50000)
  to   space 34944K,   0% used [0x14710000, 0x14710000, 0x16930000)
 tenured generation   total 699072K, used 671089K [0x18b50000, 0x43600000, 0x43600000)
   the space 699072K,  95% used [0x18b50000, 0x41aac4d0, 0x41aac600, 0x43600000)
 Metaspace       used 3478K, capacity 3494K, committed 3520K, reserved 4480K
}
Event: 175.594 GC heap before
{Heap before GC invocations=106 (full 13):
 def new generation   total 314560K, used 279616K [0x03600000, 0x18b50000, 0x18b50000)
  eden space 279616K, 100% used [0x03600000, 0x14710000, 0x14710000)
  from space 34944K,   0% used [0x16930000, 0x16930000, 0x18b50000)
  to   space 34944K,   0% used [0x14710000, 0x14710000, 0x16930000)
 tenured generation   total 699072K, used 671089K [0x18b50000, 0x43600000, 0x43600000)
   the space 699072K,  95% used [0x18b50000, 0x41aac4d0, 0x41aac600, 0x43600000)
 Metaspace       used 3478K, capacity 3494K, committed 3520K, reserved 4480K
Event: 178.402 GC heap after
Heap after GC invocations=107 (full 14):
 def new generation   total 314560K, used 11471K [0x03600000, 0x18b50000, 0x18b50000)
  eden space 279616K,   4% used [0x03600000, 0x04133c18, 0x14710000)
  from space 34944K,   0% used [0x16930000, 0x16930000, 0x18b50000)
  to   space 34944K,   0% used [0x14710000, 0x14710000, 0x16930000)
 tenured generation   total 699072K, used 699071K [0x18b50000, 0x43600000, 0x43600000)
   the space 699072K,  99% used [0x18b50000, 0x435ffff0, 0x43600000, 0x43600000)
 Metaspace       used 3478K, capacity 3494K, committed 3520K, reserved 4480K
}
Event: 264.797 GC heap before
{Heap before GC invocations=107 (full 14):
 def new generation   total 314560K, used 314560K [0x03600000, 0x18b50000, 0x18b50000)
  eden space 279616K, 100% used [0x03600000, 0x14710000, 0x14710000)
  from space 34944K, 100% used [0x16930000, 0x18b50000, 0x18b50000)
  to   space 34944K,   0% used [0x14710000, 0x14710000, 0x16930000)
 tenured generation   total 699072K, used 699071K [0x18b50000, 0x43600000, 0x43600000)
   the space 699072K,  99% used [0x18b50000, 0x435ffff0, 0x43600000, 0x43600000)
 Metaspace       used 3533K, capacity 3566K, committed 3648K, reserved 4480K
Event: 267.832 GC heap after
Heap after GC invocations=108 (full 15):
 def new generation   total 314560K, used 57725K [0x03600000, 0x18b50000, 0x18b50000)
  eden space 279616K,  20% used [0x03600000, 0x06e5f680, 0x14710000)
  from space 34944K,   0% used [0x16930000, 0x16930000, 0x18b50000)
  to   space 34944K,   0% used [0x14710000, 0x14710000, 0x16930000)
 tenured generation   total 699072K, used 699071K [0x18b50000, 0x43600000, 0x43600000)
   the space 699072K,  99% used [0x18b50000, 0x435ffff0, 0x43600000, 0x43600000)
 Metaspace       used 3533K, capacity 3566K, committed 3648K, reserved 4480K
}
Event: 273.248 GC heap before
{Heap before GC invocations=108 (full 15):
 def new generation   total 314560K, used 314559K [0x03600000, 0x18b50000, 0x18b50000)
  eden space 279616K, 100% used [0x03600000, 0x14710000, 0x14710000)
  from space 34944K,  99% used [0x16930000, 0x18b4fff0, 0x18b50000)
  to   space 34944K,   0% used [0x14710000, 0x14710000, 0x16930000)
 tenured generation   total 699072K, used 699071K [0x18b50000, 0x43600000, 0x43600000)
   the space 699072K,  99% used [0x18b50000, 0x435ffff0, 0x43600000, 0x43600000)
 Metaspace       used 3587K, capacity 3630K, committed 3648K, reserved 4480K
Event: 275.650 GC heap after
Heap after GC invocations=109 (full 16):
 def new generation   total 314560K, used 0K [0x03600000, 0x18b50000, 0x18b50000)
  eden space 279616K,   0% used [0x03600000, 0x03600000, 0x14710000)
  from space 34944K,   0% used [0x16930000, 0x16930000, 0x18b50000)
  to   space 34944K,   0% used [0x14710000, 0x14710000, 0x16930000)
 tenured generation   total 699072K, used 428869K [0x18b50000, 0x43600000, 0x43600000)
   the space 699072K,  61% used [0x18b50000, 0x32e21558, 0x32e21600, 0x43600000)
 Metaspace       used 3587K, capacity 3630K, committed 3648K, reserved 4480K
}
Event: 297.285 GC heap before
{Heap before GC invocations=109 (full 16):
 def new generation   total 314560K, used 279616K [0x03600000, 0x18b50000, 0x18b50000)
  eden space 279616K, 100% used [0x03600000, 0x14710000, 0x14710000)
  from space 34944K,   0% used [0x16930000, 0x16930000, 0x18b50000)
  to   space 34944K,   0% used [0x14710000, 0x14710000, 0x16930000)
 tenured generation   total 699072K, used 428869K [0x18b50000, 0x43600000, 0x43600000)
   the space 699072K,  61% used [0x18b50000, 0x32e21558, 0x32e21600, 0x43600000)
 Metaspace       used 3750K, capacity 3758K, committed 3776K, reserved 4480K

